0 info it worked if it ends with ok
1 verbose cli [ '/usr/bin/nodejs', '/usr/bin/npm', 'publish' ]
2 info using npm@3.10.8
3 info using node@v6.9.0
4 verbose publish [ '.' ]
5 silly cache add args [ '.', null ]
6 verbose cache add spec .
7 silly cache add parsed spec Result {
7 silly cache add   raw: '.',
7 silly cache add   scope: null,
7 silly cache add   escapedName: null,
7 silly cache add   name: null,
7 silly cache add   rawSpec: '.',
7 silly cache add   spec: '/home/user/projects/pixi-stick',
7 silly cache add   type: 'directory' }
8 verbose addLocalDirectory /home/user/.npm/pixi-stick/0.0.6/package.tgz not in flight; packing
9 verbose correctMkdir /home/user/.npm correctMkdir not in flight; initializing
10 info lifecycle pixi-stick@0.0.6~prepublish: pixi-stick@0.0.6
11 silly lifecycle pixi-stick@0.0.6~prepublish: no script for prepublish, continuing
12 verbose tar pack [ '/home/user/.npm/pixi-stick/0.0.6/package.tgz',
12 verbose tar pack   '/home/user/projects/pixi-stick' ]
13 verbose tarball /home/user/.npm/pixi-stick/0.0.6/package.tgz
14 verbose folder /home/user/projects/pixi-stick
15 verbose addLocalTarball adding from inside cache /home/user/.npm/pixi-stick/0.0.6/package.tgz
16 verbose correctMkdir /home/user/.npm correctMkdir not in flight; initializing
17 silly cache afterAdd pixi-stick@0.0.6
18 verbose afterAdd /home/user/.npm/pixi-stick/0.0.6/package/package.json not in flight; writing
19 verbose correctMkdir /home/user/.npm correctMkdir not in flight; initializing
20 verbose afterAdd /home/user/.npm/pixi-stick/0.0.6/package/package.json written
21 silly publish { name: 'pixi-stick',
21 silly publish   version: '0.0.6',
21 silly publish   author: '',
21 silly publish   description: 'A touchscreen thumbstick for Pixi.js',
21 silly publish   repository:
21 silly publish    { type: 'git',
21 silly publish      url: 'git+https://github.com/snrogers/pixi-stick.git' },
21 silly publish   main: 'build/pixi-stick.js',
21 silly publish   scripts: {},
21 silly publish   dependencies: {},
21 silly publish   devDependencies:
21 silly publish    { autodts: '0.0.7',
21 silly publish      brfs: '^1.4.3',
21 silly publish      chalk: '^1.1.3',
21 silly publish      fs: '0.0.2',
21 silly publish      gulp: '^3.9.1',
21 silly publish      'gulp-concat': '^2.6.0',
21 silly publish      'gulp-delete-lines': '0.0.7',
21 silly publish      'gulp-typescript': '^2.13.6',
21 silly publish      'markdown-toc': '^0.12.12',
21 silly publish      'node-static': '^0.7.7',
21 silly publish      'pixi.js': '^4.0.0',
21 silly publish      rimraf: '^2.5.4',
21 silly publish      'source-map-loader': '^0.1.5',
21 silly publish      'transform-loader': '^0.2.3',
21 silly publish      'ts-loader': '^0.8.2',
21 silly publish      typescript: '^1.8.10',
21 silly publish      webpack: '^1.13.1',
21 silly publish      'babel-preset-es2015-rollup': '^1.2.0',
21 silly publish      rollup: '^0.36.3',
21 silly publish      'rollup-plugin-babel': '^2.6.1',
21 silly publish      'rollup-plugin-commonjs': '^5.0.5',
21 silly publish      'rollup-plugin-eslint': '^3.0.0',
21 silly publish      'rollup-plugin-node-resolve': '^2.0.0',
21 silly publish      'rollup-plugin-typescript': '^0.8.1' },
21 silly publish   peerDependencies: { 'pixi.js': '^4.0.0' },
21 silly publish   typescript: { definition: 'build/index.d.ts' },
21 silly publish   license: 'ISC',
21 silly publish   homepage: 'https://bitbucket.org/snrogers/pixi-stick#readme',
21 silly publish   readme: '# PixiStick \n# **DONT USE THIS LIBRARY. ITS NOT DONE YET**\nA PIXI plugin for thumbstick-style touchscreen controls.\n\n## Install\n```\nnpm install --save-dev pixi-stick\n```\n\n## Basic usage example\n```js\nvar renderer = PIXI.autoDetectRenderer(400, 300);\n\nvar stage = new PIXI.Container();\n\nvar stick = new PixiStick.Stick(75, 225, {\n    axes: \'xy\'\n});\n\nstage.addChild(stick);\n\nstick.onAxisChange = function(axes) {\n    // Do something with axes.x\n    // Do something with axes.y\n    // Values range from -1 to 1\n}\n\n\n// PixiStick attaches eventListeners to the window object, outside of the PIXI event system.\n// To prevent memory leaks when removing PixiStick controls, call dispose() on the control\nstage.removeChild(stick);\nstick.dispose();\n```\n\n## Events\n```js\n/** Fires when the stick is initially touched */\nstick.onTouchStart = function (axes){\n    console.log(axes.x + \', \' + axes.y); \n};\n\n/** Fires when the touch moves */\nstick.onTouchMove = function (axes){\n    console.log(axes.x + \', \' + axes.y); \n};\n\n/** Fires when the stick is released */\nstick.onTouchEnd = function (axes){\n    console.log(axes.x + \', \' + axes.y); \n};\n\n/** Fires any time the axes change, i.e. whenever any of the above events fire, onAxisChange also fires */\nstick.onAxisChange = function (axes){\n    console.log(axes.x + \', \' + axes.y); \n};\n```\n\n## API\n### PixiStick.StickController\n> constructor(x, y, options)\n> * x: number\n> * y: number\n> * options : object\n\n```js\ndefault options \n {\n    touch: true,      // Responds to touch events?\n    mouse: true,      // Responds to mouse events?\n    axes: \'xy\',       // Which axes are supported? \'xy\', \'x\', or \'y\'\n    deadZone: 0,      // *UNIMPLEMENTED* Minimum axial output *UNIMPLEMENTED*\n    nub: null,        // PIXI.Sprite object to use as the nub\n    nubSize: 0.3,     // Size of the nub (0.3 mean the nub is %30 the diamater of the well)\n    well: null,       // PIXI.Sprite object to use as the well\n    wellRadius: 50,   // Radius of the well in pixels\n};\n```\n\n### PixiStick.StickAreaController\n> constructor(x, y, width, height, options)\n> * x: number\n> * y: number\n> * width: number\n> * height: number\n> * options : object\n\n```js\ndefault options \n {\n    debug: false,     // Make the StickArea visible?\n    touch: true,      // Responds to touch events?\n    mouse: true,      // Responds to mouse events?\n    axes: \'xy\',       // Which axes are supported? \'xy\', \'x\', or \'y\'\n    deadZone: 0,      // *UNIMPLEMENTED* Minimum axial output *UNIMPLEMENTED*\n    nub: null,        // PIXI.Sprite object to use as the nub\n    nubSize: 0.3,     // Size of the nub (0.3 mean the nub is %30 the diamater of the well)\n    well: null,       // PIXI.Sprite object to use as the well\n    wellRadius: 50,   // Radius of the well in pixels\n};\n```\n\n\n\n\n## Examples\n[Stick Example](http://snrogers.github.com/pixi-stick/examples/example-stick.html)\n\n[Single-Axis Example](http://snrogers.github.com/pixi-stick/examples/example-singleAxis.html)\n\n[Sprite Example](http://snrogers.github.com/pixi-stick/examples/example-sprite.html)\n\n[StickArea Example](http://snrogers.github.com/pixi-stick/examples/example-stickArea.html)\n\n\n## TODO\n* Implement onTap events\n* Implement deadzone\n* Improve API documentation\n* Redo Webpack config\n\n\n',
21 silly publish   readmeFilename: 'README.md',
21 silly publish   gitHead: '5463a063a378746717e4ebacbba8b6b53b840a57',
21 silly publish   bugs: { url: 'https://github.com/snrogers/pixi-stick/issues' },
21 silly publish   _id: 'pixi-stick@0.0.6',
21 silly publish   _shasum: 'fa9454992be61ecabaca0a56eb230616db00e673',
21 silly publish   _from: '.' }
22 verbose getPublishConfig undefined
23 silly mapToRegistry name pixi-stick
24 silly mapToRegistry using default registry
25 silly mapToRegistry registry https://registry.npmjs.org/
26 silly mapToRegistry data Result {
26 silly mapToRegistry   raw: 'pixi-stick',
26 silly mapToRegistry   scope: null,
26 silly mapToRegistry   escapedName: 'pixi-stick',
26 silly mapToRegistry   name: 'pixi-stick',
26 silly mapToRegistry   rawSpec: '',
26 silly mapToRegistry   spec: 'latest',
26 silly mapToRegistry   type: 'tag' }
27 silly mapToRegistry uri https://registry.npmjs.org/pixi-stick
28 verbose publish registryBase https://registry.npmjs.org/
29 silly publish uploading /home/user/.npm/pixi-stick/0.0.6/package.tgz
30 verbose request uri https://registry.npmjs.org/pixi-stick
31 verbose request sending authorization for write operation
32 info attempt registry request try #1 at 4:04:24 PM
33 verbose request using bearer token for auth
34 verbose request id 9e62792894aa137f
35 http request PUT https://registry.npmjs.org/pixi-stick
36 http 403 https://registry.npmjs.org/pixi-stick
37 verbose headers { 'content-type': 'application/json',
37 verbose headers   'cache-control': 'max-age=300',
37 verbose headers   'content-length': '95',
37 verbose headers   'accept-ranges': 'bytes',
37 verbose headers   date: 'Wed, 19 Oct 2016 21:04:26 GMT',
37 verbose headers   via: '1.1 varnish',
37 verbose headers   connection: 'keep-alive',
37 verbose headers   'x-served-by': 'cache-atl6236-ATL',
37 verbose headers   'x-cache': 'MISS',
37 verbose headers   'x-cache-hits': '0',
37 verbose headers   'x-timer': 'S1476911064.808498,VS0,VE1338',
37 verbose headers   vary: 'Accept-Encoding' }
38 verbose request invalidating /home/user/.npm/registry.npmjs.org/pixi-stick on PUT
39 error publish Failed PUT 403
40 verbose stack Error: "You cannot publish over the previously published version 0.0.6." : pixi-stick
40 verbose stack     at makeError (/usr/lib/node_modules/npm/node_modules/npm-registry-client/lib/request.js:302:12)
40 verbose stack     at CachingRegistryClient.<anonymous> (/usr/lib/node_modules/npm/node_modules/npm-registry-client/lib/request.js:290:14)
40 verbose stack     at Request._callback (/usr/lib/node_modules/npm/node_modules/npm-registry-client/lib/request.js:210:14)
40 verbose stack     at Request.self.callback (/usr/lib/node_modules/npm/node_modules/request/request.js:187:22)
40 verbose stack     at emitTwo (events.js:106:13)
40 verbose stack     at Request.emit (events.js:191:7)
40 verbose stack     at Request.<anonymous> (/usr/lib/node_modules/npm/node_modules/request/request.js:1044:10)
40 verbose stack     at emitOne (events.js:96:13)
40 verbose stack     at Request.emit (events.js:188:7)
40 verbose stack     at IncomingMessage.<anonymous> (/usr/lib/node_modules/npm/node_modules/request/request.js:965:12)
41 verbose statusCode 403
42 verbose pkgid pixi-stick
43 verbose cwd /home/user/projects/pixi-stick
44 error Linux 4.8.0-22-generic
45 error argv "/usr/bin/nodejs" "/usr/bin/npm" "publish"
46 error node v6.9.0
47 error npm  v3.10.8
48 error code E403
49 error "You cannot publish over the previously published version 0.0.6." : pixi-stick
50 error If you need help, you may report this error at:
50 error     <https://github.com/npm/npm/issues>
51 verbose exit [ 1, true ]
